<ns0:test-suite xmlns:ns0="urn:model.allure.qatools.yandex.ru" start="1536656950338" stop="1536656950387">
  <name>test_assert</name>
  <labels/>
  <test-cases>
    <test-case start="1536656950338" status="passed" stop="1536656950342">
      <name>test_add</name>
      <attachments/>
      <labels>
        <label name="severity" value="normal"/>
        <label name="thread" value="3552-MainThread"/>
        <label name="host" value="LUOPAN"/>
        <label name="framework" value="pytest"/>
        <label name="language" value="cpython3"/>
      </labels>
      <steps/>
    </test-case>
    <test-case start="1536656950344" status="passed" stop="1536656950346">
      <name>test_add2</name>
      <attachments/>
      <labels>
        <label name="severity" value="normal"/>
        <label name="thread" value="3552-MainThread"/>
        <label name="host" value="LUOPAN"/>
        <label name="framework" value="pytest"/>
        <label name="language" value="cpython3"/>
      </labels>
      <steps/>
    </test-case>
    <test-case start="1536656950347" status="passed" stop="1536656950349">
      <name>test_add3</name>
      <attachments/>
      <labels>
        <label name="severity" value="normal"/>
        <label name="thread" value="3552-MainThread"/>
        <label name="host" value="LUOPAN"/>
        <label name="framework" value="pytest"/>
        <label name="language" value="cpython3"/>
      </labels>
      <steps/>
    </test-case>
    <test-case start="1536656950350" status="failed" stop="1536656950387">
      <name>test_add4</name>
      <failure>
        <message>AssertionError: assert 39 &gt;= 50
 +  where 39 = add(17, 22)</message>
        <stack-trace>def test_add4():
&gt;       assert add(17,22) &gt;= 50
E       assert 39 &gt;= 50
E        +  where 39 = add(17, 22)

test_assert.py:22: AssertionError</stack-trace>
      </failure>
      <attachments/>
      <labels>
        <label name="severity" value="normal"/>
        <label name="thread" value="3552-MainThread"/>
        <label name="host" value="LUOPAN"/>
        <label name="framework" value="pytest"/>
        <label name="language" value="cpython3"/>
      </labels>
      <steps/>
    </test-case>
  </test-cases>
</ns0:test-suite>
